<?xml version="1.0" encoding="UTF-8"?>
<!-- Generated by org.testng.reporters.JUnitReportReporter -->
<testsuite skipped="0" hostname="DESKTOP-0NGOR0F" name="com.dbs.testcase.LoginTest" tests="1" failures="0" timestamp="04 Aug 2021 09:35:42 GMT" time="1.677" errors="0">
  <testcase name="loginverfication" time="1.677" classname="com.dbs.testcase.LoginTest"/>
</testsuite> <!-- com.dbs.testcase.LoginTest -->
