<?xml version="1.0" encoding="UTF-8"?>
<!-- Generated by org.testng.reporters.JUnitReportReporter -->
<testsuite skipped="0" hostname="DESKTOP-0NGOR0F" name="com.dbs.testcase.LoginTest" tests="1" failures="0" timestamp="03 Aug 2021 08:38:45 GMT" time="1.599" errors="0">
  <testcase name="loginverfication" time="1.599" classname="com.dbs.testcase.LoginTest"/>
</testsuite> <!-- com.dbs.testcase.LoginTest -->
